mode: count
github.com/RioRizkyRainey/pokedex/internal/moves/repository/moves_repository.go:19.57,21.2 1 1
github.com/RioRizkyRainey/pokedex/internal/moves/repository/moves_repository.go:23.82,33.16 3 1
github.com/RioRizkyRainey/pokedex/internal/moves/repository/moves_repository.go:37.2,41.16 3 1
github.com/RioRizkyRainey/pokedex/internal/moves/repository/moves_repository.go:45.2,45.19 1 1
github.com/RioRizkyRainey/pokedex/internal/moves/repository/moves_repository.go:33.16,35.3 1 0
github.com/RioRizkyRainey/pokedex/internal/moves/repository/moves_repository.go:41.16,43.3 1 0
github.com/RioRizkyRainey/pokedex/internal/pokemon/repository/pokemon_repository.go:19.61,21.2 1 1
github.com/RioRizkyRainey/pokedex/internal/pokemon/repository/pokemon_repository.go:23.77,31.16 3 1
github.com/RioRizkyRainey/pokedex/internal/pokemon/repository/pokemon_repository.go:35.2,39.16 3 1
github.com/RioRizkyRainey/pokedex/internal/pokemon/repository/pokemon_repository.go:43.2,43.21 1 1
github.com/RioRizkyRainey/pokedex/internal/pokemon/repository/pokemon_repository.go:31.16,33.3 1 0
github.com/RioRizkyRainey/pokedex/internal/pokemon/repository/pokemon_repository.go:39.16,41.3 1 0
github.com/RioRizkyRainey/pokedex/pkg/database/scan.go:22.58,23.15 1 2
github.com/RioRizkyRainey/pokedex/pkg/database/scan.go:26.2,29.28 3 2
github.com/RioRizkyRainey/pokedex/pkg/database/scan.go:131.2,131.12 1 1
github.com/RioRizkyRainey/pokedex/pkg/database/scan.go:23.15,25.3 1 2
github.com/RioRizkyRainey/pokedex/pkg/database/scan.go:35.49,36.19 1 0
github.com/RioRizkyRainey/pokedex/pkg/database/scan.go:39.10,42.31 2 2
github.com/RioRizkyRainey/pokedex/pkg/database/scan.go:46.3,46.20 1 2
github.com/RioRizkyRainey/pokedex/pkg/database/scan.go:36.19,38.4 1 0
github.com/RioRizkyRainey/pokedex/pkg/database/scan.go:42.31,44.4 1 1
github.com/RioRizkyRainey/pokedex/pkg/database/scan.go:47.37,49.39 2 1
github.com/RioRizkyRainey/pokedex/pkg/database/scan.go:53.4,55.46 2 1
github.com/RioRizkyRainey/pokedex/pkg/database/scan.go:67.4,67.20 1 1
github.com/RioRizkyRainey/pokedex/pkg/database/scan.go:90.23,95.46 3 1
github.com/RioRizkyRainey/pokedex/pkg/database/scan.go:107.4,107.19 1 1
github.com/RioRizkyRainey/pokedex/pkg/database/scan.go:128.4,128.30 1 0
github.com/RioRizkyRainey/pokedex/pkg/database/scan.go:49.39,51.5 1 1
github.com/RioRizkyRainey/pokedex/pkg/database/scan.go:55.46,56.76 1 7
github.com/RioRizkyRainey/pokedex/pkg/database/scan.go:56.76,64.6 3 7
github.com/RioRizkyRainey/pokedex/pkg/database/scan.go:67.20,68.38 1 3
github.com/RioRizkyRainey/pokedex/pkg/database/scan.go:74.5,76.19 2 3
github.com/RioRizkyRainey/pokedex/pkg/database/scan.go:80.5,82.38 2 3
github.com/RioRizkyRainey/pokedex/pkg/database/scan.go:88.5,88.43 1 3
github.com/RioRizkyRainey/pokedex/pkg/database/scan.go:68.38,69.47 1 15
github.com/RioRizkyRainey/pokedex/pkg/database/scan.go:69.47,71.7 1 15
github.com/RioRizkyRainey/pokedex/pkg/database/scan.go:76.19,78.6 1 0
github.com/RioRizkyRainey/pokedex/pkg/database/scan.go:82.38,83.47 1 15
github.com/RioRizkyRainey/pokedex/pkg/database/scan.go:83.47,85.7 1 15
github.com/RioRizkyRainey/pokedex/pkg/database/scan.go:95.46,96.76 1 7
github.com/RioRizkyRainey/pokedex/pkg/database/scan.go:96.76,104.6 3 7
github.com/RioRizkyRainey/pokedex/pkg/database/scan.go:107.19,108.38 1 1
github.com/RioRizkyRainey/pokedex/pkg/database/scan.go:114.5,116.19 2 1
github.com/RioRizkyRainey/pokedex/pkg/database/scan.go:121.5,121.38 1 1
github.com/RioRizkyRainey/pokedex/pkg/database/scan.go:126.5,126.15 1 1
github.com/RioRizkyRainey/pokedex/pkg/database/scan.go:108.38,109.47 1 5
github.com/RioRizkyRainey/pokedex/pkg/database/scan.go:109.47,111.7 1 5
github.com/RioRizkyRainey/pokedex/pkg/database/scan.go:116.19,119.6 2 0
github.com/RioRizkyRainey/pokedex/pkg/database/scan.go:121.38,122.47 1 5
github.com/RioRizkyRainey/pokedex/pkg/database/scan.go:122.47,124.7 1 5
github.com/RioRizkyRainey/pokedex/pkg/database/scan.go:135.37,142.2 5 15
